# JRE version: OpenJDK Runtime Environment (8.0_162-b12) (build 1.8.0_162-b12)
# Java VM: OpenJDK 64-Bit Server VM (25.162-b12 mixed mode linux-amd64 compressed oops)
Heap:
 PSYoungGen      total 421376K, used 419904K [0x0000000715580000, 0x0000000731580000, 0x00000007c0000000)
  eden space 394752K, 100% used [0x0000000715580000,0x000000072d700000,0x000000072d700000)
  from space 26624K, 94% used [0x000000072f480000,0x0000000730d10000,0x0000000730e80000)
  to   space 30208K, 58% used [0x000000072d700000,0x000000072e820000,0x000000072f480000)
 ParOldGen       total 994816K, used 971781K [0x00000005c0000000, 0x00000005fcb80000, 0x0000000715580000)
  object space 994816K, 97% used [0x00000005c0000000,0x00000005fb501518,0x00000005fcb80000)
 Metaspace       used 5673K, capacity 5928K, committed 6144K, reserved 1056768K
  class space    used 573K, capacity 660K, committed 768K, reserved 1048576K
GC Heap History (10 events):
Event: 1.043 GC heap after
Heap after GC invocations=6 (full 0):
 PSYoungGen      total 137728K, used 8768K [0x0000000715580000, 0x000000071e880000, 0x00000007c0000000)
  eden space 126464K, 0% used [0x0000000715580000,0x0000000715580000,0x000000071d100000)
  from space 11264K, 77% used [0x000000071dc80000,0x000000071e510050,0x000000071e780000)
  to   space 11776K, 0% used [0x000000071d100000,0x000000071d100000,0x000000071dc80000)
 ParOldGen       total 84992K, used 9243K [0x00000005c0000000, 0x00000005c5300000, 0x0000000715580000)
  object space 84992K, 10% used [0x00000005c0000000,0x00000005c0906ed8,0x00000005c5300000)
 Metaspace       used 5358K, capacity 5560K, committed 5760K, reserved 1056768K
  class space    used 536K, capacity 612K, committed 640K, reserved 1048576K
}
Event: 1.558 GC heap before
{Heap before GC invocations=7 (full 0):
 PSYoungGen      total 137728K, used 135232K [0x0000000715580000, 0x000000071e880000, 0x00000007c0000000)
  eden space 126464K, 100% used [0x0000000715580000,0x000000071d100000,0x000000071d100000)
  from space 11264K, 77% used [0x000000071dc80000,0x000000071e510050,0x000000071e780000)
  to   space 11776K, 0% used [0x000000071d100000,0x000000071d100000,0x000000071dc80000)
 ParOldGen       total 84992K, used 9243K [0x00000005c0000000, 0x00000005c5300000, 0x0000000715580000)
  object space 84992K, 10% used [0x00000005c0000000,0x00000005c0906ed8,0x00000005c5300000)
 Metaspace       used 5360K, capacity 5568K, committed 5760K, reserved 1056768K
  class space    used 536K, capacity 612K, committed 640K, reserved 1048576K
Event: 1.569 GC heap after
Heap after GC invocations=7 (full 0):
 PSYoungGen      total 138240K, used 11776K [0x0000000715580000, 0x0000000726a80000, 0x00000007c0000000)
  eden space 126464K, 0% used [0x0000000715580000,0x0000000715580000,0x000000071d100000)
  from space 11776K, 100% used [0x000000071d100000,0x000000071dc80000,0x000000071dc80000)
  to   space 15360K, 0% used [0x0000000725b80000,0x0000000725b80000,0x0000000726a80000)
 ParOldGen       total 84992K, used 13436K [0x00000005c0000000, 0x00000005c5300000, 0x0000000715580000)
  object space 84992K, 15% used [0x00000005c0000000,0x00000005c0d1f0d8,0x00000005c5300000)
 Metaspace       used 5360K, capacity 5568K, committed 5760K, reserved 1056768K
  class space    used 536K, capacity 612K, committed 640K, reserved 1048576K
}
Event: 2.058 GC heap before
{Heap before GC invocations=8 (full 0):
 PSYoungGen      total 138240K, used 138240K [0x0000000715580000, 0x0000000726a80000, 0x00000007c0000000)
  eden space 126464K, 100% used [0x0000000715580000,0x000000071d100000,0x000000071d100000)
  from space 11776K, 100% used [0x000000071d100000,0x000000071dc80000,0x000000071dc80000)
  to   space 15360K, 0% used [0x0000000725b80000,0x0000000725b80000,0x0000000726a80000)
 ParOldGen       total 84992K, used 13436K [0x00000005c0000000, 0x00000005c5300000, 0x0000000715580000)
  object space 84992K, 15% used [0x00000005c0000000,0x00000005c0d1f0d8,0x00000005c5300000)
 Metaspace       used 5366K, capacity 5568K, committed 5760K, reserved 1056768K
  class space    used 536K, capacity 612K, committed 640K, reserved 1048576K
Event: 2.067 GC heap after
Heap after GC invocations=8 (full 0):
 PSYoungGen      total 264192K, used 15360K [0x0000000715580000, 0x0000000727280000, 0x00000007c0000000)
  eden space 248832K, 0% used [0x0000000715580000,0x0000000715580000,0x0000000724880000)
  from space 15360K, 100% used [0x0000000725b80000,0x0000000726a80000,0x0000000726a80000)
  to   space 19456K, 0% used [0x0000000724880000,0x0000000724880000,0x0000000725b80000)
 ParOldGen       total 84992K, used 17340K [0x00000005c0000000, 0x00000005c5300000, 0x0000000715580000)
  object space 84992K, 20% used [0x00000005c0000000,0x00000005c10ef2d8,0x00000005c5300000)
 Metaspace       used 5366K, capacity 5568K, committed 5760K, reserved 1056768K
  class space    used 536K, capacity 612K, committed 640K, reserved 1048576K
}
Event: 3.057 GC heap before
{Heap before GC invocations=9 (full 0):
 PSYoungGen      total 264192K, used 264192K [0x0000000715580000, 0x0000000727280000, 0x00000007c0000000)
  eden space 248832K, 100% used [0x0000000715580000,0x0000000724880000,0x0000000724880000)
  from space 15360K, 100% used [0x0000000725b80000,0x0000000726a80000,0x0000000726a80000)
  to   space 19456K, 0% used [0x0000000724880000,0x0000000724880000,0x0000000725b80000)
 ParOldGen       total 84992K, used 17340K [0x00000005c0000000, 0x00000005c5300000, 0x0000000715580000)
  object space 84992K, 20% used [0x00000005c0000000,0x00000005c10ef2d8,0x00000005c5300000)
 Metaspace       used 5388K, capacity 5568K, committed 5760K, reserved 1056768K
  class space    used 536K, capacity 612K, committed 640K, reserved 1048576K
Event: 3.073 GC heap after
Heap after GC invocations=9 (full 0):
 PSYoungGen      total 268288K, used 19456K [0x0000000715580000, 0x0000000730e80000, 0x00000007c0000000)
  eden space 248832K, 0% used [0x0000000715580000,0x0000000715580000,0x0000000724880000)
  from space 19456K, 100% used [0x0000000724880000,0x0000000725b80000,0x0000000725b80000)
  to   space 26624K, 0% used [0x000000072f480000,0x000000072f480000,0x0000000730e80000)
 ParOldGen       total 84992K, used 27998K [0x00000005c0000000, 0x00000005c5300000, 0x0000000715580000)
  object space 84992K, 32% used [0x00000005c0000000,0x00000005c1b57b18,0x00000005c5300000)
 Metaspace       used 5388K, capacity 5568K, committed 5760K, reserved 1056768K
  class space    used 536K, capacity 612K, committed 640K, reserved 1048576K
}
Event: 4.041 GC heap before
{Heap before GC invocations=10 (full 0):
 PSYoungGen      total 268288K, used 268288K [0x0000000715580000, 0x0000000730e80000, 0x00000007c0000000)
  eden space 248832K, 100% used [0x0000000715580000,0x0000000724880000,0x0000000724880000)
  from space 19456K, 100% used [0x0000000724880000,0x0000000725b80000,0x0000000725b80000)
  to   space 26624K, 0% used [0x000000072f480000,0x000000072f480000,0x0000000730e80000)
 ParOldGen       total 84992K, used 27998K [0x00000005c0000000, 0x00000005c5300000, 0x0000000715580000)
  object space 84992K, 32% used [0x00000005c0000000,0x00000005c1b57b18,0x00000005c5300000)
 Metaspace       used 5392K, capacity 5568K, committed 5760K, reserved 1056768K
  class space    used 536K, capacity 612K, committed 640K, reserved 1048576K
Event: 4.059 GC heap after
Heap after GC invocations=10 (full 0):
 PSYoungGen      total 421376K, used 25152K [0x0000000715580000, 0x0000000731580000, 0x00000007c0000000)
  eden space 394752K, 0% used [0x0000000715580000,0x0000000715580000,0x000000072d700000)
  from space 26624K, 94% used [0x000000072f480000,0x0000000730d10000,0x0000000730e80000)
  to   space 30208K, 0% used [0x000000072d700000,0x000000072d700000,0x000000072f480000)
 ParOldGen       total 84992K, used 37560K [0x00000005c0000000, 0x00000005c5300000, 0x0000000715580000)
  object space 84992K, 44% used [0x00000005c0000000,0x00000005c24ae2b8,0x00000005c5300000)
 Metaspace       used 5392K, capacity 5568K, committed 5760K, reserved 1056768K
  class space    used 536K, capacity 612K, committed 640K, reserved 1048576K
}
Event: 6.023 GC heap before
{Heap before GC invocations=11 (full 0):
 PSYoungGen      total 421376K, used 419904K [0x0000000715580000, 0x0000000731580000, 0x00000007c0000000)
  eden space 394752K, 100% used [0x0000000715580000,0x000000072d700000,0x000000072d700000)
  from space 26624K, 94% used [0x000000072f480000,0x0000000730d10000,0x0000000730e80000)
  to   space 30208K, 0% used [0x000000072d700000,0x000000072d700000,0x000000072f480000)
 ParOldGen       total 84992K, used 37560K [0x00000005c0000000, 0x00000005c5300000, 0x0000000715580000)
  object space 84992K, 44% used [0x00000005c0000000,0x00000005c24ae2b8,0x00000005c5300000)
 Metaspace       used 5673K, capacity 5928K, committed 6144K, reserved 1056768K
  class space    used 573K, capacity 660K, committed 768K, reserved 1048576K

